<?xml version="1.0" encoding="UTF-8"?>
<!-- Generated by org.testng.reporters.JUnitReportReporter -->
<testsuite hostname="BDC8-DX-6MQJH92" name="novSessionP1.swipe" tests="1" failures="0" timestamp="5 Nov 2017 10:19:16 GMT" time="5.340" errors="0">
  <testcase name="swipeHorizontal" time="5.340" classname="novSessionP1.swipe"/>
</testsuite> <!-- novSessionP1.swipe -->
