<?xml version="1.0" encoding="UTF-8"?>
<!-- Generated by org.testng.reporters.JUnitReportReporter -->
<testsuite skipped="0" hostname="BDC8-DX-6MQJH92" name="novSessionP1.launchApp" tests="1" failures="0" timestamp="05 Nov 2017 07:33:43 GMT" time="27.903" errors="0">
  <testcase name="TestMethod" time="27.903" classname="novSessionP1.launchApp"/>
</testsuite> <!-- novSessionP1.launchApp -->
